2025-01-20 12:39:38 - Starting Next.js app on port 3000...
2025-01-20 12:39:38 - Waiting for Next.js app to be ready...
2025-01-20 12:39:45 - Next.js app is running at http://localhost:3000
2025-01-20 12:39:45 - Sending POST request to http://localhost:3000/api/scheduler...
  % Total    % Received % Xferd  Average Speed   Time    Time     Time  Current
                                 Dload  Upload   Total   Spent    Left  Speed
  0     0    0     0    0     0      0      0 --:--:-- --:--:-- --:--:--     0100    80    0    65  100    15    140     32 --:--:-- --:--:-- --:--:--   173{"success":"success","message":"Webhooks triggered successfully"}
2025-01-20 12:39:45 - POST request to http://localhost:3000/api/scheduler was successful.
2025-01-20 12:39:46 - Keeping the Next.js app running. Press Ctrl+C to stop.
2025-01-20 12:39:58 - Starting Next.js app on port 3000...
2025-01-20 12:39:58 - Waiting for Next.js app to be ready...
2025-01-20 12:39:59 - Next.js app is running at http://localhost:3000
2025-01-20 12:40:00 - Sending POST request to http://localhost:3000/api/scheduler...
  % Total    % Received % Xferd  Average Speed   Time    Time     Time  Current
                                 Dload  Upload   Total   Spent    Left  Speed
  0     0    0     0    0     0      0      0 --:--:-- --:--:-- --:--:--     0100    36  100    21  100    15   2051   1465 --:--:-- --:--:-- --:--:--  3600Internal Server Error
2025-01-20 12:40:00 - POST request to http://localhost:3000/api/scheduler was successful.
2025-01-20 12:40:00 - Keeping the Next.js app running. Press Ctrl+C to stop.
2025-01-20 12:40:09 - Starting Next.js app on port 3000...
2025-01-20 12:40:09 - Waiting for Next.js app to be ready...
2025-01-20 12:40:10 - Next.js app is running at http://localhost:3000
2025-01-20 12:40:10 - Sending POST request to http://localhost:3000/api/scheduler...
  % Total    % Received % Xferd  Average Speed   Time    Time     Time  Current
                                 Dload  Upload   Total   Spent    Left  Speed
  0     0    0     0    0     0      0      0 --:--:-- --:--:-- --:--:--     0100    36  100    21  100    15   2319   1657 --:--:-- --:--:-- --:--:--  4000Internal Server Error
2025-01-20 12:40:10 - POST request to http://localhost:3000/api/scheduler was successful.
2025-01-20 12:40:10 - Keeping the Next.js app running. Press Ctrl+C to stop.
2025-01-20 12:44:19 - Starting Next.js app on port 3000...
2025-01-20 12:44:19 - Waiting for Next.js app to be ready...
2025-01-20 12:44:21 - Next.js app is running at http://localhost:3000
2025-01-20 12:44:21 - Sending POST request to http://localhost:3000/api/scheduler...
  % Total    % Received % Xferd  Average Speed   Time    Time     Time  Current
                                 Dload  Upload   Total   Spent    Left  Speed
  0     0    0     0    0     0      0      0 --:--:-- --:--:-- --:--:--     0100    80    0    65  100    15   1843    425 --:--:-- --:--:-- --:--:--  2285{"success":"success","message":"Webhooks triggered successfully"}
2025-01-20 12:44:21 - POST request to http://localhost:3000/api/scheduler was successful.
2025-01-20 12:44:21 - Keeping the Next.js app running. Press Ctrl+C to stop.
